<?xml version="1.0" encoding="UTF-8"?>
<!-- Generated by org.testng.reporters.JUnitReportReporter -->
<testsuite skipped="0" hostname="Mohameds-MacBook-Air.local" name="baseClass.BaseTest" tests="1" failures="0" timestamp="02 Sep 2019 07:46:25 GMT" time="0.014" errors="0">
  <testcase name="testmethod" time="0.014" classname="baseClass.BaseTest"/>
</testsuite> <!-- baseClass.BaseTest -->
